events.js:183
      throw er; // Unhandled 'error' event
      ^

Error: listen EADDRINUSE :::3000
    at Server.setupListenHandle [as _listen2] (net.js:1360:14)
    at listenInCluster (net.js:1401:12)
    at Server.listen (net.js:1485:7)
    at Function.listen (/home/lanmower/git/node_modules/express/lib/application.js:618:24)
    at Object.<anonymous> (/home/lanmower/git/server.js:123:20)
    at Module._compile (module.js:653:30)
    at Object.Module._extensions..js (module.js:664:10)
    at Module.load (module.js:566:32)
    at tryModuleLoad (module.js:506:12)
    at Function.Module._load (module.js:498:3)
events.js:183
      throw er; // Unhandled 'error' event
      ^

Error: listen EADDRINUSE :::3000
    at Server.setupListenHandle [as _listen2] (net.js:1360:14)
    at listenInCluster (net.js:1401:12)
    at Server.listen (net.js:1485:7)
    at Function.listen (/home/lanmower/git/node_modules/express/lib/application.js:618:24)
    at Object.<anonymous> (/home/lanmower/git/server.js:123:20)
    at Module._compile (module.js:653:30)
    at Object.Module._extensions..js (module.js:664:10)
    at Module.load (module.js:566:32)
    at tryModuleLoad (module.js:506:12)
    at Function.Module._load (module.js:498:3)
events.js:183
      throw er; // Unhandled 'error' event
      ^

Error: listen EADDRINUSE :::3000
    at Server.setupListenHandle [as _listen2] (net.js:1360:14)
    at listenInCluster (net.js:1401:12)
    at Server.listen (net.js:1485:7)
    at Function.listen (/home/lanmower/git/node_modules/express/lib/application.js:618:24)
    at Object.<anonymous> (/home/lanmower/git/server.js:123:20)
    at Module._compile (module.js:653:30)
    at Object.Module._extensions..js (module.js:664:10)
    at Module.load (module.js:566:32)
    at tryModuleLoad (module.js:506:12)
    at Function.Module._load (module.js:498:3)
events.js:183
      throw er; // Unhandled 'error' event
      ^

Error: listen EADDRINUSE :::3000
    at Server.setupListenHandle [as _listen2] (net.js:1360:14)
    at listenInCluster (net.js:1401:12)
    at Server.listen (net.js:1485:7)
    at Function.listen (/home/lanmower/git/node_modules/express/lib/application.js:618:24)
    at Object.<anonymous> (/home/lanmower/git/server.js:123:20)
    at Module._compile (module.js:653:30)
    at Object.Module._extensions..js (module.js:664:10)
    at Module.load (module.js:566:32)
    at tryModuleLoad (module.js:506:12)
    at Function.Module._load (module.js:498:3)
/home/lanmower/git/server.js:77
  if(err) throw err;
          ^

Error: ENOENT: no such file or directory, open 'edit.text.js'
/home/lanmower/git/server.js:77
  if(err) throw err;
          ^

Error: ENOENT: no such file or directory, open 'edit.text.js'
/home/lanmower/git/server.js:77
  if(err) throw err;
          ^

Error: ENOENT: no such file or directory, open 'edit.text.js'
/home/lanmower/git/server.js:77
  if(err) throw err;
          ^

Error: ENOENT: no such file or directory, open 'edit.text.js'
/home/lanmower/git/server.js:77
  if(err) throw err;
          ^

Error: ENOENT: no such file or directory, open 'edit.text.js'
/home/lanmower/git/server.js:77
  if(err) throw err;
          ^

Error: ENOENT: no such file or directory, open 'edit.text.js'
/home/lanmower/git/server.js:77
  if(err) throw err;
          ^

Error: ENOENT: no such file or directory, open 'edit.text.js'
/home/lanmower/git/server.js:77
  if(err) throw err;
          ^

Error: ENOENT: no such file or directory, open 'edit.text.js'
/home/lanmower/git/server.js:77
  if(err) throw err;
          ^

Error: ENOENT: no such file or directory, open 'edit.text.js'
/home/lanmower/git/server.js:77
  if(err) throw err;
          ^

Error: ENOENT: no such file or directory, open 'edit.text.js'
/home/lanmower/git/server.js:77
  if(err) throw err;
          ^

Error: ENOENT: no such file or directory, open 'edit.text.js'
/home/lanmower/git/server.js:77
  if(err) throw err;
          ^

Error: ENOENT: no such file or directory, open 'edit.text.js'
/home/lanmower/git/server.js:77
  if(err) throw err;
          ^

Error: ENOENT: no such file or directory, open 'edit.text.js'
/home/lanmower/git/server.js:77
  if(err) throw err;
          ^

Error: ENOENT: no such file or directory, open 'edit.text.js'
/home/lanmower/git/server.js:77
  if(err) throw err;
          ^

Error: ENOENT: no such file or directory, open 'edit.text.js'
/home/lanmower/git/server.js:77
  if(err) throw err;
          ^

Error: ENOENT: no such file or directory, open 'edit.text.js'
/home/lanmower/git/server.js:77
  if(err) throw err;
          ^

Error: ENOENT: no such file or directory, open 'edit.text.js'
/home/lanmower/git/server.js:77
  if(err) throw err;
          ^

Error: ENOENT: no such file or directory, open 'edit.text.js'
/home/lanmower/git/server.js:77
  if(err) throw err;
          ^

Error: ENOENT: no such file or directory, open 'edit.text.js'
/home/lanmower/git/server.js:77
  if(err) throw err;
          ^

Error: ENOENT: no such file or directory, open 'edit.text.js'
/home/lanmower/git/server.js:77
  if(err) throw err;
          ^

Error: ENOENT: no such file or directory, open 'edit.text.js'
/home/lanmower/git/server.js:77
  if(err) throw err;
          ^

Error: ENOENT: no such file or directory, open 'edit.text.js'
/home/lanmower/git/server.js:77
  if(err) throw err;
          ^

Error: ENOENT: no such file or directory, open 'edit.text.js'
/home/lanmower/git/server.js:77
  if(err) throw err;
          ^

Error: ENOENT: no such file or directory, open 'edit.text.js'
/home/lanmower/git/server.js:77
  if(err) throw err;
          ^

Error: ENOENT: no such file or directory, open 'edit.text.js'
/home/lanmower/git/server.js:77
  if(err) throw err;
          ^

Error: ENOENT: no such file or directory, open 'edit.text.js'
/home/lanmower/git/server.js:77
  if(err) throw err;
          ^

Error: ENOENT: no such file or directory, open 'edit.text.js'
/home/lanmower/git/server.js:77
  if(err) throw err;
          ^

Error: ENOENT: no such file or directory, open 'edit.text.js'
/home/lanmower/git/server.js:77
  if(err) throw err;
          ^

Error: ENOENT: no such file or directory, open 'edit.text.js'
/home/lanmower/git/server.js:77
  if(err) throw err;
          ^

Error: ENOENT: no such file or directory, open 'edit.text.js'
/home/lanmower/git/server.js:77
  if(err) throw err;
          ^

Error: ENOENT: no such file or directory, open 'edit.text.js'
/home/lanmower/git/server.js:77
  if(err) throw err;
          ^

Error: ENOENT: no such file or directory, open 'edit.text.js'
/home/lanmower/git/server.js:77
  if(err) throw err;
          ^

Error: ENOENT: no such file or directory, open 'edit.text.js'
/home/lanmower/git/server.js:77
  if(err) throw err;
          ^

Error: ENOENT: no such file or directory, open 'edit.text.js'
/home/lanmower/git/server.js:77
  if(err) throw err;
          ^

Error: ENOENT: no such file or directory, open 'edit.text.js'
/home/lanmower/git/server.js:77
  if(err) throw err;
          ^

Error: ENOENT: no such file or directory, open 'edit.text.js'
/home/lanmower/git/server.js:77
  if(err) throw err;
          ^

Error: ENOENT: no such file or directory, open 'edit.text.js'
/home/lanmower/git/server.js:77
  if(err) throw err;
          ^

Error: ENOENT: no such file or directory, open 'edit.text.js'
/home/lanmower/git/server.js:77
  if(err) throw err;
          ^

Error: ENOENT: no such file or directory, open 'edit.text.js'
/home/lanmower/git/server.js:77
  if(err) throw err;
          ^

Error: ENOENT: no such file or directory, open 'edit.text.js'
/home/lanmower/git/server.js:77
  if(err) throw err;
          ^

Error: ENOENT: no such file or directory, open 'edit.text.js'
/home/lanmower/git/server.js:77
  if(err) throw err;
          ^

Error: ENOENT: no such file or directory, open 'edit.text.js'
/home/lanmower/git/server.js:77
  if(err) throw err;
          ^

Error: ENOENT: no such file or directory, open 'edit.text.js'
/home/lanmower/git/server.js:77
  if(err) throw err;
          ^

Error: ENOENT: no such file or directory, open 'edit.text.js'
/home/lanmower/git/server.js:77
  if(err) throw err;
          ^

Error: ENOENT: no such file or directory, open 'edit.text.js'
/home/lanmower/git/server.js:77
  if(err) throw err;
          ^

Error: ENOENT: no such file or directory, open 'edit.text.js'
/home/lanmower/git/server.js:77
  if(err) throw err;
          ^

Error: ENOENT: no such file or directory, open 'edit.text.js'
/home/lanmower/git/server.js:77
  if(err) throw err;
          ^

Error: ENOENT: no such file or directory, open 'edit.text.js'
/home/lanmower/git/server.js:77
  if(err) throw err;
          ^

Error: ENOENT: no such file or directory, open 'edit.text.js'
/home/lanmower/git/server.js:77
  if(err) throw err;
          ^

Error: ENOENT: no such file or directory, open 'edit.text.js'
/home/lanmower/git/server.js:77
  if(err) throw err;
          ^

Error: ENOENT: no such file or directory, open 'edit.text.js'
/home/lanmower/git/server.js:77
  if(err) throw err;
          ^

Error: ENOENT: no such file or directory, open 'edit.text.js'
/home/lanmower/git/server.js:77
  if(err) throw err;
          ^

Error: ENOENT: no such file or directory, open 'edit.text.js'
/home/lanmower/git/server.js:77
  if(err) throw err;
          ^

Error: ENOENT: no such file or directory, open 'edit.text.js'
/home/lanmower/git/server.js:77
  if(err) throw err;
          ^

Error: ENOENT: no such file or directory, open 'edit.text.js'
/home/lanmower/git/server.js:77
  if(err) throw err;
          ^

Error: ENOENT: no such file or directory, open 'edit.text.js'
/home/lanmower/git/server.js:77
  if(err) throw err;
          ^

Error: ENOENT: no such file or directory, open 'edit.text.js'
/home/lanmower/git/server.js:77
  if(err) throw err;
          ^

Error: ENOENT: no such file or directory, open 'edit.text.js'
/home/lanmower/git/server.js:77
  if(err) throw err;
          ^

Error: ENOENT: no such file or directory, open 'edit.text.js'
/home/lanmower/git/server.js:77
  if(err) throw err;
          ^

Error: ENOENT: no such file or directory, open 'edit.text.js'
/home/lanmower/git/server.js:77
  if(err) throw err;
          ^

Error: ENOENT: no such file or directory, open 'edit.text.js'
/home/lanmower/git/server.js:77
  if(err) throw err;
          ^

Error: ENOENT: no such file or directory, open 'edit.text.js'
/home/lanmower/git/server.js:77
  if(err) throw err;
          ^

Error: ENOENT: no such file or directory, open 'edit.text.js'
/home/lanmower/git/server.js:77
  if(err) throw err;
          ^

Error: ENOENT: no such file or directory, open 'edit.text.js'
/home/lanmower/git/server.js:77
  if(err) throw err;
          ^

Error: ENOENT: no such file or directory, open 'edit.text.js'
/home/lanmower/git/server.js:77
  if(err) throw err;
          ^

Error: ENOENT: no such file or directory, open 'edit.text.js'
/home/lanmower/git/server.js:77
  if(err) throw err;
          ^

Error: ENOENT: no such file or directory, open 'edit.text.js'
/home/lanmower/git/server.js:77
  if(err) throw err;
          ^

Error: ENOENT: no such file or directory, open 'edit.text.js'
/home/lanmower/git/server.js:77
  if(err) throw err;
          ^

Error: ENOENT: no such file or directory, open 'edit.text.js'
/home/lanmower/git/server.js:77
  if(err) throw err;
          ^

Error: ENOENT: no such file or directory, open 'edit.text.js'
/home/lanmower/git/server.js:77
  if(err) throw err;
          ^

Error: ENOENT: no such file or directory, open 'edit.text.js'
/home/lanmower/git/server.js:77
  if(err) throw err;
          ^

Error: ENOENT: no such file or directory, open 'edit.text.js'
/home/lanmower/git/server.js:77
  if(err) throw err;
          ^

Error: ENOENT: no such file or directory, open 'edit.text.js'
/home/lanmower/git/server.js:77
  if(err) throw err;
          ^

Error: ENOENT: no such file or directory, open 'edit.text.js'
/home/lanmower/git/server.js:77
  if(err) throw err;
          ^

Error: ENOENT: no such file or directory, open 'edit.text.js'
/home/lanmower/git/server.js:77
  if(err) throw err;
          ^

Error: ENOENT: no such file or directory, open 'edit.text.js'
/home/lanmower/git/server.js:77
  if(err) throw err;
          ^

Error: ENOENT: no such file or directory, open 'edit.text.js'
/home/lanmower/git/server.js:77
  if(err) throw err;
          ^

Error: ENOENT: no such file or directory, open 'edit.text.js'
/home/lanmower/git/server.js:77
  if(err) throw err;
          ^

Error: ENOENT: no such file or directory, open 'edit.text.js'
/home/lanmower/git/server.js:77
  if(err) throw err;
          ^

Error: ENOENT: no such file or directory, open 'edit.text.js'
/home/lanmower/git/server.js:77
  if(err) throw err;
          ^

Error: ENOENT: no such file or directory, open 'edit.text.js'
/home/lanmower/git/server.js:77
  if(err) throw err;
          ^

Error: ENOENT: no such file or directory, open 'edit.text.js'
/home/lanmower/git/server.js:77
  if(err) throw err;
          ^

Error: ENOENT: no such file or directory, open 'edit.text.js'
/home/lanmower/git/server.js:77
  if(err) throw err;
          ^

Error: ENOENT: no such file or directory, open 'edit.text.js'
/home/lanmower/git/server.js:77
  if(err) throw err;
          ^

Error: ENOENT: no such file or directory, open 'edit.text.js'
/home/lanmower/git/server.js:77
  if(err) throw err;
          ^

Error: ENOENT: no such file or directory, open 'edit.text.js'
/home/lanmower/git/server.js:77
  if(err) throw err;
          ^

Error: ENOENT: no such file or directory, open 'edit.text.js'
/home/lanmower/git/server.js:77
  if(err) throw err;
          ^

Error: ENOENT: no such file or directory, open 'edit.text.js'
/home/lanmower/git/server.js:77
  if(err) throw err;
          ^

Error: ENOENT: no such file or directory, open 'edit.text.js'
/home/lanmower/git/server.js:77
  if(err) throw err;
          ^

Error: ENOENT: no such file or directory, open 'edit.text.js'
/home/lanmower/git/server.js:77
  if(err) throw err;
          ^

Error: ENOENT: no such file or directory, open 'edit.text.js'
/home/lanmower/git/server.js:77
  if(err) throw err;
          ^

Error: ENOENT: no such file or directory, open 'edit.text.js'
/home/lanmower/git/server.js:77
  if(err) throw err;
          ^

Error: ENOENT: no such file or directory, open 'edit.text.js'
/home/lanmower/git/server.js:77
  if(err) throw err;
          ^

Error: ENOENT: no such file or directory, open 'edit.text.js'
/home/lanmower/git/server.js:77
  if(err) throw err;
          ^

Error: ENOENT: no such file or directory, open 'edit.text.js'
/home/lanmower/git/server.js:77
  if(err) throw err;
          ^

Error: ENOENT: no such file or directory, open 'edit.text.js'
/home/lanmower/git/server.js:77
  if(err) throw err;
          ^

Error: ENOENT: no such file or directory, open 'edit.text.js'
/home/lanmower/git/server.js:77
  if(err) throw err;
          ^

Error: ENOENT: no such file or directory, open 'edit.text.js'
/home/lanmower/git/server.js:77
  if(err) throw err;
          ^

Error: ENOENT: no such file or directory, open 'edit.text.js'
/home/lanmower/git/server.js:77
  if(err) throw err;
          ^

Error: ENOENT: no such file or directory, open 'edit.text.js'
/home/lanmower/git/server.js:77
  if(err) throw err;
          ^

Error: ENOENT: no such file or directory, open 'edit.text.js'
/home/lanmower/git/server.js:77
  if(err) throw err;
          ^

Error: ENOENT: no such file or directory, open 'edit.text.js'
/home/lanmower/git/server.js:77
  if(err) throw err;
          ^

Error: ENOENT: no such file or directory, open 'edit.text.js'
/home/lanmower/git/server.js:77
  if(err) throw err;
          ^

Error: ENOENT: no such file or directory, open 'edit.text.js'
/home/lanmower/git/server.js:77
  if(err) throw err;
          ^

Error: ENOENT: no such file or directory, open 'edit.text.js'
/home/lanmower/git/server.js:77
  if(err) throw err;
          ^

Error: ENOENT: no such file or directory, open 'edit.text.js'
/home/lanmower/git/server.js:77
  if(err) throw err;
          ^

Error: ENOENT: no such file or directory, open 'edit.text.js'
/home/lanmower/git/server.js:77
  if(err) throw err;
          ^

Error: ENOENT: no such file or directory, open 'edit.text.js'
/home/lanmower/git/server.js:77
  if(err) throw err;
          ^

Error: ENOENT: no such file or directory, open 'edit.text.js'
/home/lanmower/git/server.js:77
  if(err) throw err;
          ^

Error: ENOENT: no such file or directory, open 'edit.text.js'
/home/lanmower/git/server.js:77
  if(err) throw err;
          ^

Error: ENOENT: no such file or directory, open 'edit.text.js'
/home/lanmower/git/server.js:77
  if(err) throw err;
          ^

Error: ENOENT: no such file or directory, open 'edit.text.js'
/home/lanmower/git/server.js:77
  if(err) throw err;
          ^

Error: ENOENT: no such file or directory, open 'edit.text.js'
/home/lanmower/git/server.js:77
  if(err) throw err;
          ^

Error: ENOENT: no such file or directory, open 'edit.text.js'
/home/lanmower/git/server.js:77
  if(err) throw err;
          ^

Error: ENOENT: no such file or directory, open 'edit.text.js'
/home/lanmower/git/server.js:77
  if(err) throw err;
          ^

Error: ENOENT: no such file or directory, open 'edit.text.js'
/home/lanmower/git/server.js:77
  if(err) throw err;
          ^

Error: ENOENT: no such file or directory, open 'edit.text.js'
/home/lanmower/git/server.js:77
  if(err) throw err;
          ^

Error: ENOENT: no such file or directory, open 'edit.text.js'
/home/lanmower/git/server.js:77
  if(err) throw err;
          ^

Error: ENOENT: no such file or directory, open 'edit.text.js'
/home/lanmower/git/server.js:77
  if(err) throw err;
          ^

Error: ENOENT: no such file or directory, open 'edit.text.js'
/home/lanmower/git/server.js:77
  if(err) throw err;
          ^

Error: ENOENT: no such file or directory, open 'edit.text.js'
/home/lanmower/git/server.js:77
  if(err) throw err;
          ^

Error: ENOENT: no such file or directory, open 'edit.text.js'
