Your app is listening on port 3000
/test
/test
Your app is listening on port 3000
Your app is listening on port 3000
Your app is listening on port 3000
Your app is listening on port 3000
Your app is listening on port 3000
Your app is listening on port 3000
Your app is listening on port 3000
Your app is listening on port 3000
Your app is listening on port 3000
Your app is listening on port 3000
Your app is listening on port 3000
Your app is listening on port 3000
Your app is listening on port 3000
Your app is listening on port 3000
Your app is listening on port 3000
Your app is listening on port 3000
Your app is listening on port 3000
Your app is listening on port 3000
Your app is listening on port 3000
Your app is listening on port 3000
Your app is listening on port 3000
Your app is listening on port 3000
Your app is listening on port 3000
Your app is listening on port 3000
Your app is listening on port 3000
Your app is listening on port 3000
Your app is listening on port 3000
Your app is listening on port 3000
Your app is listening on port 3000
Your app is listening on port 3000
Your app is listening on port 3000
Your app is listening on port 3000
Your app is listening on port 3000
Your app is listening on port 3000
Your app is listening on port 3000
Your app is listening on port 3000
Your app is listening on port 3000
Your app is listening on port 3000
Your app is listening on port 3000
Your app is listening on port 3000
Your app is listening on port 3000
Your app is listening on port 3000
Your app is listening on port 3000
Your app is listening on port 3000
Your app is listening on port 3000
Your app is listening on port 3000
Your app is listening on port 3000
Your app is listening on port 3000
Your app is listening on port 3000
Your app is listening on port 3000
Your app is listening on port 3000
Your app is listening on port 3000
Your app is listening on port 3000
Your app is listening on port 3000
Your app is listening on port 3000
Your app is listening on port 3000
Your app is listening on port 3000
Your app is listening on port 3000
Your app is listening on port 3000
Your app is listening on port 3000
Your app is listening on port 3000
Your app is listening on port 3000
Your app is listening on port 3000
Your app is listening on port 3000
Your app is listening on port 3000
Your app is listening on port 3000
Your app is listening on port 3000
Your app is listening on port 3000
Your app is listening on port 3000
Your app is listening on port 3000
Your app is listening on port 3000
Your app is listening on port 3000
Your app is listening on port 3000
Your app is listening on port 3000
Your app is listening on port 3000
Your app is listening on port 3000
Your app is listening on port 3000
Your app is listening on port 3000
Your app is listening on port 3000
Your app is listening on port 3000
Your app is listening on port 3000
Your app is listening on port 3000
Your app is listening on port 3000
Your app is listening on port 3000
Your app is listening on port 3000
Your app is listening on port 3000
Your app is listening on port 3000
Your app is listening on port 3000
Your app is listening on port 3000
Your app is listening on port 3000
Your app is listening on port 3000
Your app is listening on port 3000
Your app is listening on port 3000
Your app is listening on port 3000
Your app is listening on port 3000
Your app is listening on port 3000
Your app is listening on port 3000
Your app is listening on port 3000
Your app is listening on port 3000
Your app is listening on port 3000
Your app is listening on port 3000
Your app is listening on port 3000
Your app is listening on port 3000
Your app is listening on port 3000
Your app is listening on port 3000
Your app is listening on port 3000
Your app is listening on port 3000
Your app is listening on port 3000
Your app is listening on port 3000
Your app is listening on port 3000
Your app is listening on port 3000
Your app is listening on port 3000
Your app is listening on port 3000
Your app is listening on port 3000
Your app is listening on port 3000
Your app is listening on port 3000
Your app is listening on port 3000
Your app is listening on port 3000
Your app is listening on port 3000
Your app is listening on port 3000
Your app is listening on port 3000
Your app is listening on port 3000
Your app is listening on port 3000
Your app is listening on port 3000
Your app is listening on port 3000
Your app is listening on port 3000
Your app is listening on port 3000
Your app is listening on port 3000
/ afqrbig333an QmWkx6UYPdaB1vWFp6EEzg7z8cg4dBsuAJM74Nsoact1z8 /
/ afqrbig333an QmWkx6UYPdaB1vWFp6EEzg7z8cg4dBsuAJM74Nsoact1z8 /
/favicon.ico 5oxm4pii2k3g  /
/test ruztaarutxz2  /
